[0.702s] Invoking command in '/workspace/robotics_course/ros2-DarkMechanikum/Practice02/src/task01': PYTHONPATH=/workspace/robotics_course/ros2-DarkMechanikum/Practice02/src/build/task01/prefix_override:/usr/lib/python3/dist-packages/colcon_core/task/python/colcon_distutils_commands:/workspace/robotics_course/ros2-DarkMechanikum/Practice02/src/install/task01/lib/python3.10/site-packages:${PYTHONPATH} /usr/bin/python3 -W ignore:setup.py install is deprecated setup.py egg_info --egg-base ../build/task01 build --build-base /workspace/robotics_course/ros2-DarkMechanikum/Practice02/src/build/task01/build install --record /workspace/robotics_course/ros2-DarkMechanikum/Practice02/src/build/task01/install.log --single-version-externally-managed install_data
[0.953s] running egg_info
[0.954s] writing ../build/task01/task01.egg-info/PKG-INFO
[0.954s] writing dependency_links to ../build/task01/task01.egg-info/dependency_links.txt
[0.954s] writing entry points to ../build/task01/task01.egg-info/entry_points.txt
[0.955s] writing requirements to ../build/task01/task01.egg-info/requires.txt
[0.955s] writing top-level names to ../build/task01/task01.egg-info/top_level.txt
[0.957s] reading manifest file '../build/task01/task01.egg-info/SOURCES.txt'
[0.958s] writing manifest file '../build/task01/task01.egg-info/SOURCES.txt'
[0.958s] running build
[0.958s] running build_py
[0.958s] running install
[0.959s] running install_lib
[0.960s] running install_data
[0.960s] copying launch/task01.launch.py -> /workspace/robotics_course/ros2-DarkMechanikum/Practice02/src/install/task01/share/task01/launch
[0.960s] running install_egg_info
[0.964s] Copying ../build/task01/task01.egg-info to /workspace/robotics_course/ros2-DarkMechanikum/Practice02/src/install/task01/lib/python3.10/site-packages/task01-0.0.0-py3.10.egg-info
[0.965s] running install_scripts
[0.990s] Installing receiver script to /workspace/robotics_course/ros2-DarkMechanikum/Practice02/src/install/task01/lib/task01
[0.991s] writing list of installed files to '/workspace/robotics_course/ros2-DarkMechanikum/Practice02/src/build/task01/install.log'
[1.025s] Invoked command in '/workspace/robotics_course/ros2-DarkMechanikum/Practice02/src/task01' returned '0': PYTHONPATH=/workspace/robotics_course/ros2-DarkMechanikum/Practice02/src/build/task01/prefix_override:/usr/lib/python3/dist-packages/colcon_core/task/python/colcon_distutils_commands:/workspace/robotics_course/ros2-DarkMechanikum/Practice02/src/install/task01/lib/python3.10/site-packages:${PYTHONPATH} /usr/bin/python3 -W ignore:setup.py install is deprecated setup.py egg_info --egg-base ../build/task01 build --build-base /workspace/robotics_course/ros2-DarkMechanikum/Practice02/src/build/task01/build install --record /workspace/robotics_course/ros2-DarkMechanikum/Practice02/src/build/task01/install.log --single-version-externally-managed install_data
