[0.473s] Invoking command in '/workspace/robotics_course/ros2-DarkMechanikum/Practice02/src/task01': PYTHONPATH=/workspace/robotics_course/ros2-DarkMechanikum/Practice02/build/task01/prefix_override:/usr/lib/python3/dist-packages/colcon_core/task/python/colcon_distutils_commands:/workspace/robotics_course/ros2-DarkMechanikum/Practice02/install/task01/lib/python3.10/site-packages:${PYTHONPATH} /usr/bin/python3 -W ignore:setup.py install is deprecated setup.py egg_info --egg-base ../../build/task01 build --build-base /workspace/robotics_course/ros2-DarkMechanikum/Practice02/build/task01/build install --record /workspace/robotics_course/ros2-DarkMechanikum/Practice02/build/task01/install.log --single-version-externally-managed install_data
[0.660s] running egg_info
[0.661s] creating ../../build/task01/task01.egg-info
[0.661s] writing ../../build/task01/task01.egg-info/PKG-INFO
[0.662s] writing dependency_links to ../../build/task01/task01.egg-info/dependency_links.txt
[0.662s] writing entry points to ../../build/task01/task01.egg-info/entry_points.txt
[0.662s] writing requirements to ../../build/task01/task01.egg-info/requires.txt
[0.662s] writing top-level names to ../../build/task01/task01.egg-info/top_level.txt
[0.662s] writing manifest file '../../build/task01/task01.egg-info/SOURCES.txt'
[0.663s] reading manifest file '../../build/task01/task01.egg-info/SOURCES.txt'
[0.664s] writing manifest file '../../build/task01/task01.egg-info/SOURCES.txt'
[0.664s] running build
[0.665s] running build_py
[0.665s] creating /workspace/robotics_course/ros2-DarkMechanikum/Practice02/build/task01/build
[0.665s] creating /workspace/robotics_course/ros2-DarkMechanikum/Practice02/build/task01/build/lib
[0.665s] creating /workspace/robotics_course/ros2-DarkMechanikum/Practice02/build/task01/build/lib/task01
[0.665s] copying task01/receiver.py -> /workspace/robotics_course/ros2-DarkMechanikum/Practice02/build/task01/build/lib/task01
[0.666s] copying task01/__init__.py -> /workspace/robotics_course/ros2-DarkMechanikum/Practice02/build/task01/build/lib/task01
[0.666s] running install
[0.666s] running install_lib
[0.666s] creating /workspace/robotics_course/ros2-DarkMechanikum/Practice02/install/task01/lib/python3.10/site-packages/task01
[0.666s] copying /workspace/robotics_course/ros2-DarkMechanikum/Practice02/build/task01/build/lib/task01/receiver.py -> /workspace/robotics_course/ros2-DarkMechanikum/Practice02/install/task01/lib/python3.10/site-packages/task01
[0.667s] copying /workspace/robotics_course/ros2-DarkMechanikum/Practice02/build/task01/build/lib/task01/__init__.py -> /workspace/robotics_course/ros2-DarkMechanikum/Practice02/install/task01/lib/python3.10/site-packages/task01
[0.667s] byte-compiling /workspace/robotics_course/ros2-DarkMechanikum/Practice02/install/task01/lib/python3.10/site-packages/task01/receiver.py to receiver.cpython-310.pyc
[0.667s] byte-compiling /workspace/robotics_course/ros2-DarkMechanikum/Practice02/install/task01/lib/python3.10/site-packages/task01/__init__.py to __init__.cpython-310.pyc
[0.668s] running install_data
[0.668s] creating /workspace/robotics_course/ros2-DarkMechanikum/Practice02/install/task01/share/ament_index
[0.668s] creating /workspace/robotics_course/ros2-DarkMechanikum/Practice02/install/task01/share/ament_index/resource_index
[0.668s] creating /workspace/robotics_course/ros2-DarkMechanikum/Practice02/install/task01/share/ament_index/resource_index/packages
[0.668s] copying resource/task01 -> /workspace/robotics_course/ros2-DarkMechanikum/Practice02/install/task01/share/ament_index/resource_index/packages
[0.668s] copying package.xml -> /workspace/robotics_course/ros2-DarkMechanikum/Practice02/install/task01/share/task01
[0.669s] creating /workspace/robotics_course/ros2-DarkMechanikum/Practice02/install/task01/share/task01/launch
[0.669s] copying launch/task01.launch -> /workspace/robotics_course/ros2-DarkMechanikum/Practice02/install/task01/share/task01/launch
[0.669s] running install_egg_info
[0.671s] Copying ../../build/task01/task01.egg-info to /workspace/robotics_course/ros2-DarkMechanikum/Practice02/install/task01/lib/python3.10/site-packages/task01-0.0.0-py3.10.egg-info
[0.672s] running install_scripts
[0.689s] Installing receiver script to /workspace/robotics_course/ros2-DarkMechanikum/Practice02/install/task01/lib/task01
[0.690s] writing list of installed files to '/workspace/robotics_course/ros2-DarkMechanikum/Practice02/build/task01/install.log'
[0.719s] Invoked command in '/workspace/robotics_course/ros2-DarkMechanikum/Practice02/src/task01' returned '0': PYTHONPATH=/workspace/robotics_course/ros2-DarkMechanikum/Practice02/build/task01/prefix_override:/usr/lib/python3/dist-packages/colcon_core/task/python/colcon_distutils_commands:/workspace/robotics_course/ros2-DarkMechanikum/Practice02/install/task01/lib/python3.10/site-packages:${PYTHONPATH} /usr/bin/python3 -W ignore:setup.py install is deprecated setup.py egg_info --egg-base ../../build/task01 build --build-base /workspace/robotics_course/ros2-DarkMechanikum/Practice02/build/task01/build install --record /workspace/robotics_course/ros2-DarkMechanikum/Practice02/build/task01/install.log --single-version-externally-managed install_data
